<?xml version="1.0" encoding="UTF-8"?>
<!-- Generated by org.testng.reporters.JUnitReportReporter -->
<testsuite hostname="VivekanandYG" name="Package.DBConnectivity.DBConnectivityExampleTwo" tests="1" failures="0" timestamp="18 Mar 2016 14:43:40 GMT" time="14.668" errors="0">
  <testcase name="Registration" time="14.668" classname="Package.DBConnectivity.DBConnectivityExampleTwo"/>
</testsuite> <!-- Package.DBConnectivity.DBConnectivityExampleTwo -->
