<?xml version="1.0" encoding="UTF-8"?>
<!-- Generated by org.testng.reporters.JUnitReportReporter -->
<testsuite hostname="VivekanandYG" name="Package.TNG.FindAFlight" tests="1" failures="0" timestamp="7 Jun 2016 06:20:56 GMT" time="14.803" errors="0">
  <testcase name="findFlightTest" time="14.803" classname="Package.TNG.FindAFlight"/>
</testsuite> <!-- Package.TNG.FindAFlight -->
