<?xml version="1.0" encoding="UTF-8"?>
<!-- Generated by org.testng.reporters.JUnitReportReporter -->
<testsuite hostname="VivekanandYG" name="Package.Grid.IEBrowserExample" tests="1" failures="0" timestamp="13 Mar 2016 10:46:42 GMT" time="302.617" errors="0">
  <testcase name="IEExample" time="302.617" classname="Package.Grid.IEBrowserExample"/>
</testsuite> <!-- Package.Grid.IEBrowserExample -->
