<?xml version="1.0" encoding="UTF-8"?>
<!-- Generated by org.testng.reporters.JUnitReportReporter -->
<testsuite hostname="VivekanandYG" name="Package.TNG.FlightConfirmation" tests="1" failures="0" timestamp="7 Jun 2016 06:20:56 GMT" time="0.040" errors="0">
  <testcase name="confirmtest" time="0.040" classname="Package.TNG.FlightConfirmation"/>
</testsuite> <!-- Package.TNG.FlightConfirmation -->
