<?xml version="1.0" encoding="UTF-8"?>
<!-- Generated by org.testng.reporters.JUnitReportReporter -->
<testsuite hostname="VivekanandYG" name="Package.TestNG.TestNGMethodsone" tests="1" failures="0" timestamp="30 May 2016 07:13:20 GMT" time="0.011" errors="0">
  <testcase name="test" time="0.011" classname="Package.TestNG.TestNGMethodsone"/>
</testsuite> <!-- Package.TestNG.TestNGMethodsone -->
