<?xml version="1.0" encoding="UTF-8"?>
<!-- Generated by org.testng.reporters.JUnitReportReporter -->
<testsuite hostname="VivekanandYG" name="Package.Sync.ExplicitWaitAlert" tests="1" failures="0" timestamp="9 Jun 2016 11:54:07 GMT" time="14.554" errors="0">
  <testcase name="AlertMessage" time="14.554" classname="Package.Sync.ExplicitWaitAlert"/>
</testsuite> <!-- Package.Sync.ExplicitWaitAlert -->
