<?xml version="1.0" encoding="UTF-8"?>
<!-- Generated by org.testng.reporters.JUnitReportReporter -->
<testsuite hostname="VivekanandYG" name="Package.Grid.ParallelExample" tests="2" failures="0" timestamp="16 Mar 2016 08:09:05 GMT" time="31.417" errors="0">
  <testcase name="GMailTest" time="24.405" classname="Package.Grid.ParallelExample"/>
  <testcase name="GMailTest" time="7.012" classname="Package.Grid.ParallelExample"/>
</testsuite> <!-- Package.Grid.ParallelExample -->
