<?xml version="1.0" encoding="UTF-8"?>
<!-- Generated by org.testng.reporters.JUnitReportReporter -->
<testsuite hostname="VivekanandYG" name="Package.Datadrivenframework.Datadrivenexampletwo" tests="1" failures="0" timestamp="2 Mar 2016 17:23:16 GMT" time="88.016" errors="0">
  <testcase name="Logic" time="88.016" classname="Package.Datadrivenframework.Datadrivenexampletwo"/>
</testsuite> <!-- Package.Datadrivenframework.Datadrivenexampletwo -->
