<?xml version="1.0" encoding="UTF-8"?>
<!-- Generated by org.testng.reporters.JUnitReportReporter -->
<testsuite hostname="VivekanandYG" name="Package.Grid.SequentialExample" tests="2" failures="0" timestamp="16 Mar 2016 08:08:05 GMT" time="29.053" errors="0">
  <testcase name="GMailTest" time="16.950" classname="Package.Grid.SequentialExample"/>
  <testcase name="GMailTest" time="12.103" classname="Package.Grid.SequentialExample"/>
</testsuite> <!-- Package.Grid.SequentialExample -->
