<?xml version="1.0" encoding="UTF-8"?>
<!-- Generated by org.testng.reporters.JUnitReportReporter -->
<testsuite hostname="VivekanandYG" name="Package.TestNG.TestNGAttributesTwo" tests="4" failures="0" timestamp="30 May 2016 07:35:19 GMT" time="0.020" errors="0">
  <testcase name="placeorder" time="0.000" classname="Package.TestNG.TestNGAttributesTwo"/>
  <testcase name="login" time="0.000" classname="Package.TestNG.TestNGAttributesTwo"/>
  <testcase name="logout" time="0.000" classname="Package.TestNG.TestNGAttributesTwo"/>
  <testcase name="Register" time="0.020" classname="Package.TestNG.TestNGAttributesTwo"/>
</testsuite> <!-- Package.TestNG.TestNGAttributesTwo -->
