<?xml version="1.0" encoding="UTF-8"?>
<!-- Generated by org.testng.reporters.JUnitReportReporter -->
<testsuite hostname="VivekanandYG" name="Package.TestNG.groupsExample" tests="4" failures="0" timestamp="7 Jun 2016 05:54:34 GMT" time="0.030" errors="0">
  <testcase name="Login" time="0.030" classname="Package.TestNG.groupsExample"/>
  <testcase name="placeorder" time="0.000" classname="Package.TestNG.groupsExample"/>
  <testcase name="Register" time="0.000" classname="Package.TestNG.groupsExample"/>
  <testcase name="logout" time="0.000" classname="Package.TestNG.groupsExample"/>
</testsuite> <!-- Package.TestNG.groupsExample -->
