<?xml version="1.0" encoding="UTF-8"?>
<!-- Generated by org.testng.reporters.JUnitReportReporter -->
<testsuite hostname="VivekanandYG" name="Package.Frames.FramesExampleThree" tests="1" failures="0" timestamp="3 Jun 2016 17:34:35 GMT" time="24.718" errors="0">
  <testcase name="framecheck" time="24.718" classname="Package.Frames.FramesExampleThree"/>
</testsuite> <!-- Package.Frames.FramesExampleThree -->
