<?xml version="1.0" encoding="UTF-8"?>
<!-- Generated by org.testng.reporters.JUnitReportReporter -->
<testsuite hostname="VivekanandYG" name="Package.Keyworddriven.LoginUsingReflection" tests="1" failures="0" timestamp="8 Jun 2016 15:28:54 GMT" time="31.925" errors="0">
  <testcase name="loginTest" time="31.925" classname="Package.Keyworddriven.LoginUsingReflection"/>
</testsuite> <!-- Package.Keyworddriven.LoginUsingReflection -->
