<?xml version="1.0" encoding="UTF-8"?>
<!-- Generated by org.testng.reporters.JUnitReportReporter -->
<testsuite hostname="VivekanandYG" name="PackageNewTours.POM.TestCaseOne" tests="1" failures="0" timestamp="7 Jun 2016 04:55:28 GMT" time="14.388" errors="0">
  <testcase name="LoginTest" time="14.388" classname="PackageNewTours.POM.TestCaseOne"/>
</testsuite> <!-- PackageNewTours.POM.TestCaseOne -->
