<?xml version="1.0" encoding="UTF-8"?>
<!-- Generated by org.testng.reporters.JUnitReportReporter -->
<testsuite hostname="VivekanandYG" name="Package.Datadrivenframework.DatadrivenExampleThree" tests="1" failures="0" timestamp="3 Mar 2016 13:19:26 GMT" time="23.230" errors="0">
  <testcase name="Logic" time="23.230" classname="Package.Datadrivenframework.DatadrivenExampleThree"/>
</testsuite> <!-- Package.Datadrivenframework.DatadrivenExampleThree -->
