<?xml version="1.0" encoding="UTF-8"?>
<!-- Generated by org.testng.reporters.JUnitReportReporter -->
<testsuite hostname="VivekanandYG" name="Package.TNG.SelectAFlight" tests="1" failures="0" timestamp="7 Jun 2016 06:20:56 GMT" time="12.122" errors="0">
  <testcase name="selectFlightTest" time="12.122" classname="Package.TNG.SelectAFlight"/>
</testsuite> <!-- Package.TNG.SelectAFlight -->
