<?xml version="1.0" encoding="UTF-8"?>
<!-- Generated by org.testng.reporters.JUnitReportReporter -->
<testsuite hostname="VivekanandYG" name="Package.Frames.SwitchFrames" tests="1" failures="0" timestamp="3 Jun 2016 17:16:07 GMT" time="62.784" errors="0">
  <testcase name="clickevent" time="62.784" classname="Package.Frames.SwitchFrames"/>
</testsuite> <!-- Package.Frames.SwitchFrames -->
