<?xml version="1.0" encoding="UTF-8"?>
<!-- Generated by org.testng.reporters.JUnitReportReporter -->
<testsuite hostname="VivekanandYG" name="Package.TNG.BookAFlight" tests="1" failures="0" timestamp="7 Jun 2016 06:20:56 GMT" time="43.238" errors="0">
  <testcase name="bookAflightTest" time="43.238" classname="Package.TNG.BookAFlight"/>
</testsuite> <!-- Package.TNG.BookAFlight -->
