<?xml version="1.0" encoding="UTF-8"?>
<!-- Generated by org.testng.reporters.JUnitReportReporter -->
<testsuite hostname="VivekanandYG" name="Package.Grid.FirefoxBrowserExample" tests="1" failures="0" timestamp="3 Jul 2016 11:16:32 GMT" time="7.069" errors="0">
  <testcase name="FFExample" time="7.069" classname="Package.Grid.FirefoxBrowserExample"/>
</testsuite> <!-- Package.Grid.FirefoxBrowserExample -->
