<?xml version="1.0" encoding="UTF-8"?>
<!-- Generated by org.testng.reporters.JUnitReportReporter -->
<testsuite hostname="VivekanandYG" name="Package.TNG.Login" tests="1" failures="0" timestamp="7 Jun 2016 06:20:56 GMT" time="46.451" errors="0">
  <testcase name="loginTest" time="46.451" classname="Package.TNG.Login"/>
</testsuite> <!-- Package.TNG.Login -->
