<?xml version="1.0" encoding="UTF-8"?>
<!-- Generated by org.testng.reporters.JUnitReportReporter -->
<testsuite hostname="VivekanandYG" name="Package.POM.Booking" tests="1" failures="0" timestamp="9 Mar 2016 11:34:08 GMT" time="13.528" errors="0">
  <testcase name="Transaction" time="13.528" classname="Package.POM.Booking"/>
</testsuite> <!-- Package.POM.Booking -->
