<?xml version="1.0" encoding="UTF-8"?>
<!-- Generated by org.testng.reporters.JUnitReportReporter -->
<testsuite hostname="VivekanandYG" name="Package.Grid.ChromeBrowserExample" tests="1" failures="0" timestamp="3 Jul 2016 11:37:50 GMT" time="11.920" errors="0">
  <testcase name="ChromeBrowser" time="11.920" classname="Package.Grid.ChromeBrowserExample"/>
</testsuite> <!-- Package.Grid.ChromeBrowserExample -->
