<?xml version="1.0" encoding="UTF-8"?>
<!-- Generated by org.testng.reporters.JUnitReportReporter -->
<testsuite hostname="VivekanandYG" name="Package.TestNG.TestNGAttributes" tests="2" failures="0" timestamp="30 May 2016 07:21:28 GMT" time="0.010" errors="0">
  <testcase name="logout" time="0.000" classname="Package.TestNG.TestNGAttributes"/>
  <testcase name="login" time="0.010" classname="Package.TestNG.TestNGAttributes"/>
</testsuite> <!-- Package.TestNG.TestNGAttributes -->
