<?xml version="1.0" encoding="UTF-8"?>
<!-- Generated by org.testng.reporters.JUnitReportReporter -->
<testsuite hostname="VivekanandYG" name="PackageNewTours.POM.TestCaseTwo" tests="1" failures="0" timestamp="7 Jun 2016 05:29:49 GMT" time="45.911" errors="0">
  <testcase name="Misc" time="45.911" classname="PackageNewTours.POM.TestCaseTwo"/>
</testsuite> <!-- PackageNewTours.POM.TestCaseTwo -->
