<?xml version="1.0" encoding="UTF-8"?>
<!-- Generated by org.testng.reporters.JUnitReportReporter -->
<testsuite hostname="VivekanandYG" name="Package.Datadrivenframework.DatadrivenExampleOne" tests="1" failures="0" timestamp="2 Mar 2016 15:26:36 GMT" time="23.041" errors="0">
  <testcase name="Logic" time="23.041" classname="Package.Datadrivenframework.DatadrivenExampleOne"/>
</testsuite> <!-- Package.Datadrivenframework.DatadrivenExampleOne -->
